[openmedia][info][20200720_130139][bd60]Media Downloader: stateStart
[openmedia][info][20200720_130139][bd60]Media Downloader: stateStart
[openmedia][info][20200720_130140][bd60]Media Downloader: stateFinish
[openmedia][info][20200720_130140][bd60]Media Downloader: stateFinish
[openmedia][info][20200720_130143][9a90][ffmpeg video encoder] : close
[openmedia][info][20200720_130143][9a90][ffmpeg video encoder] : total time: 766400
[openmedia][info][20200720_130143][9a90][ffmpeg video encoder] : total fps: 1.3048e-06
[openmedia][info][20200720_130143][49cc][ffmpeg video encoder] : close
[openmedia][info][20200720_130143][49cc][ffmpeg video encoder] : total time: 847000
[openmedia][info][20200720_130143][49cc][ffmpeg video encoder] : total fps: 1.18064e-06
[openmedia][info][20200720_130217][bd60]Media Downloader: stateStart
[openmedia][info][20200720_130218][bd60]Media Downloader: stateFinish
[openmedia][info][20200720_130222][49cc][ffmpeg video encoder] : close
[openmedia][info][20200720_130222][49cc][ffmpeg video encoder] : total time: 1.1495e+06
[openmedia][info][20200720_130222][49cc][ffmpeg video encoder] : total fps: 8.69943e-07
[openmedia][info][20200720_130622][bd60]Media Downloader: stateStart
[openmedia][info][20200720_130623][bd60]Media Downloader: stateFinish
[openmedia][info][20200720_130627][49cc][ffmpeg video encoder] : close
[openmedia][info][20200720_130627][49cc][ffmpeg video encoder] : total time: 798300
[openmedia][info][20200720_130627][49cc][ffmpeg video encoder] : total fps: 1.25266e-06
[openmedia][info][20200720_130701][bd60]Media Downloader: stateStart
[openmedia][info][20200720_130702][bd60]Media Downloader: stateFinish
[openmedia][info][20200720_130705][49cc][ffmpeg video encoder] : close
[openmedia][info][20200720_130705][49cc][ffmpeg video encoder] : total time: 644500
[openmedia][info][20200720_130705][49cc][ffmpeg video encoder] : total fps: 1.55159e-06
[openmedia][info][20200720_131308][bd60]Media Downloader: stateStart
[openmedia][info][20200720_131310][bd60]Media Downloader: stateFinish
[openmedia][info][20200720_131316][49cc][ffmpeg video encoder] : close
[openmedia][info][20200720_131316][49cc][ffmpeg video encoder] : total time: 900200
[openmedia][info][20200720_131316][49cc][ffmpeg video encoder] : total fps: 1.11086e-06
[openmedia][info][20200720_131707][bd60]Media Downloader: stateStart
[openmedia][info][20200720_131709][bd60]Media Downloader: stateFinish
[openmedia][info][20200720_131716][49cc][ffmpeg video encoder] : close
[openmedia][info][20200720_131716][49cc][ffmpeg video encoder] : total time: 1.573e+06
[openmedia][info][20200720_131716][49cc][ffmpeg video encoder] : total fps: 6.35728e-07
